<?xml version="1.0" encoding="UTF-8"?>
<!-- Generated by org.testng.reporters.JUnitXMLReporter -->
<testsuite ignored="0" hostname="RajuPC" failures="0" tests="3" name="Default test" time="0.074" errors="0" timestamp="2023-09-27T11:06:48 IST">
  <testcase classname="com.CRM.VTiger.practice.DataProviderPractice" name="create" time="0.009"/>
  <testcase classname="com.CRM.VTiger.practice.DataProviderPractice" name="create" time="0.001"/>
  <testcase classname="com.CRM.VTiger.practice.DataProviderPractice" name="create" time="0.001"/>
</testsuite> <!-- Default test -->
