<?xml version="1.0" encoding="UTF-8"?>
<!-- Generated by org.testng.reporters.JUnitXMLReporter -->
<testsuite ignored="1" hostname="RajuPC" failures="0" tests="1" name="Test" time="12.249" errors="0" timestamp="2023-09-11T11:42:38 IST">
  <testcase classname="com.CRM.VTiger.ContactTest.CreateContactTest" name="create" time="0.006"/>
  <testcase classname="com.CRM.VTiger.ContactTest.CreateContactTest" name="contactTest" time="0.0">
    <ignored/>
  </testcase> <!-- contactTest -->
</testsuite> <!-- Test -->
