<?xml version="1.0" encoding="UTF-8"?>
<testng-results ignored="0" total="3" passed="3" failed="0" skipped="0">
  <reporter-output>
  </reporter-output>
  <suite started-at="2023-09-27T11:06:48 IST" name="Default suite" finished-at="2023-09-27T11:06:48 IST" duration-ms="74">
    <groups>
    </groups>
    <test started-at="2023-09-27T11:06:48 IST" name="Default test" finished-at="2023-09-27T11:06:48 IST" duration-ms="74">
      <class name="com.CRM.VTiger.practice.DataProviderPractice">
        <test-method signature="create(java.lang.String,int,char,double)[pri:0, instance:com.CRM.VTiger.practice.DataProviderPractice@350aac89]" started-at="2023-09-27T11:06:48 IST" name="create" data-provider="dataSupplier" finished-at="2023-09-27T11:06:48 IST" duration-ms="9" status="PASS">
          <params>
            <param index="0">
              <value>
                <![CDATA[Raju]]>
              </value>
            </param>
            <param index="1">
              <value>
                <![CDATA[24]]>
              </value>
            </param>
            <param index="2">
              <value>
                <![CDATA[R]]>
              </value>
            </param>
            <param index="3">
              <value>
                <![CDATA[1.2]]>
              </value>
            </param>
          </params>
          <reporter-output>
          </reporter-output>
        </test-method> <!-- create -->
        <test-method signature="create(java.lang.String,int,char,double)[pri:0, instance:com.CRM.VTiger.practice.DataProviderPractice@350aac89]" started-at="2023-09-27T11:06:48 IST" name="create" data-provider="dataSupplier" finished-at="2023-09-27T11:06:48 IST" duration-ms="1" status="PASS">
          <params>
            <param index="0">
              <value>
                <![CDATA[Rudra]]>
              </value>
            </param>
            <param index="1">
              <value>
                <![CDATA[12]]>
              </value>
            </param>
            <param index="2">
              <value>
                <![CDATA[R]]>
              </value>
            </param>
            <param index="3">
              <value>
                <![CDATA[1.0]]>
              </value>
            </param>
          </params>
          <reporter-output>
          </reporter-output>
        </test-method> <!-- create -->
        <test-method signature="create(java.lang.String,int,char,double)[pri:0, instance:com.CRM.VTiger.practice.DataProviderPractice@350aac89]" started-at="2023-09-27T11:06:48 IST" name="create" data-provider="dataSupplier" finished-at="2023-09-27T11:06:48 IST" duration-ms="1" status="PASS">
          <params>
            <param index="0">
              <value>
                <![CDATA[Reema]]>
              </value>
            </param>
            <param index="1">
              <value>
                <![CDATA[17]]>
              </value>
            </param>
            <param index="2">
              <value>
                <![CDATA[R]]>
              </value>
            </param>
            <param index="3">
              <value>
                <![CDATA[1.1]]>
              </value>
            </param>
          </params>
          <reporter-output>
          </reporter-output>
        </test-method> <!-- create -->
      </class> <!-- com.CRM.VTiger.practice.DataProviderPractice -->
    </test> <!-- Default test -->
  </suite> <!-- Default suite -->
</testng-results>
